<?xml version="1.0" encoding="UTF-8"?>
<glassfish-web-app>

    <security-role-mapping>
        <role-name>ADMINISTRATOR</role-name>
        <principal-name>Admin</principal-name>
    </security-role-mapping>

</glassfish-web-app>